MPASM 5.77                          MAIN.ASM   3-15-2019  23:50:06         PAGE  1


LOC  OBJECT CODE     LINE SOURCE TEXT
  VALUE

                      00001 ;*******************************************************************************
                      00002 ;*
                      00003 ;*   ASM_005: Led intermitente - Uso del oscilador interno en el PIC16F887
                      00004 ;*
                      00005 ;*******************************************************************************
                      00006 ;* FileName:        main.asm
                      00007 ;* Processor:       PIC16F887
                      00008 ;* Complier:        MPASM v5.77
                      00009 ;* Author:          Pedro Sánchez (MrChunckuee)
                      00010 ;* Blog:            http://mrchunckuee.blogspot.com/
                      00011 ;* Email:           mrchunckuee.psr@gmail.com
                      00012 ;* Description:     LED intermitente en RD0 cada 0.5 segundos, se uso el 
                      00013 ;*                  oscilador interno a 8MHz 
                      00014 ;*******************************************************************************
                      00015 ;* Rev.         Date            Comment
                      00016 ;*  v0.0.0      15/03/2019      Creación del firmware
                      00017 ;*******************************************************************************
                      00018 
                      00019 ;********** C A B E C E R A ****************************************************
Warning[205]: Found directive in column 1. (list)
                      00020 list p=16f887           ;Identifica el PIC a usar
                      00021 #include <P16F887.INC>  ;Cabecera que define los registros del MCU
                      00001         LIST
                      00002 
                      00003 ;==========================================================================
                      00004 ; Build date : Nov 22 2017
                      00005 ;  MPASM PIC16F887 processor include
                      00006 ; 
                      00007 ;  (c) Copyright 1999-2017 Microchip Technology, All rights reserved
                      00008 ;==========================================================================
                      00009 
                      00810         LIST
                      00022 
                      00023 ;********** F U S E S **********************************************************
                      00024 ;   Bits de configuración del MCU
                      00025 ; CONFIG1
Warning[205]: Found directive in column 1. (__CONFIG)
2007   3FF4           00026 __CONFIG _CONFIG1, _FOSC_INTRC_NOCLKOUT & _WDTE_OFF & _PWRTE_OFF & _MCLRE_ON & _CP_OFF & _CPD_OFF & _BOR
                            EN_ON & _IESO_ON & _FCMEN_ON & _LVP_ON
                      00027 ; CONFIG2
Warning[205]: Found directive in column 1. (__CONFIG)
2008   3FFF           00028 __CONFIG _CONFIG2, _BOR4V_BOR40V & _WRT_OFF
                      00029  
                      00030  
                      00031 ;********** V A R I A B L E S **************************************************
                      00032  ;Declaracion de constantes
  00000020            00033 ContadorA   EQU     0x20    ; Seleccionamos posicion de la RAM y guardamos
                      00034                             ; ContadorA usado para el retardo
                      00035                             ; 0x20 es donde inicia la SRAM del PIC
  00000021            00036 ContadorB   EQU     0x21    ; Guardamos ContadorB usado para el retardo
  00000022            00037 ContadorC   EQU     0x22    ; Guardamos ContadorC usado para el retardo
  00000000            00038 Led         EQU     0       ; Definimos RD0 como Led
                      00039 
MPASM 5.77                          MAIN.ASM   3-15-2019  23:50:06         PAGE  2


LOC  OBJECT CODE     LINE SOURCE TEXT
  VALUE

                      00040 ;********** I N I C I O * D E * P R O G R A M A ********************************
                      00041 RESET   ORG     0x00        ; Aqui comienza el micro despues del reset
0000   2???           00042         GOTO    MCU_Init    ; Configuramos el ADC
                      00043         ORG     0x05        ; Origen del programa, para evita vector de interrupcion
                      00044 
                      00045 ;********** C O F I G U R A * M C U ********************************************
0005                  00046 MCU_Init
0005   1683           00047     bsf     STATUS, RP0     ;Se selecciona el banco 1
0006   3071           00048     movlw   0x71            ;Cargo valor a w 
Message[302]: Register in operand not in bank 0.  Ensure that bank bits are correct.
0007   008F           00049     movwf   OSCCON          ;Oscilador interno 8MHz --> IRCF<2:0> = 1, CCS = 1
Message[302]: Register in operand not in bank 0.  Ensure that bank bits are correct.
0008   0188           00050     clrf    TRISD           ;Todo el puerto D se establece como salidas
0009   1283           00051     bcf     STATUS, RP0     ;Selecciona el banco 0 nuevamente
000A   0188           00052     clrf    PORTD           ;Se limpia el puerto D
                      00053     
                      00054 ;********** C O D I G O * P R I N C I P A L ************************************
000B                  00055 Loop
000B   1408           00056     bsf     PORTD,Led   ; Encendemos Led
000C   2???           00057     call    Retardo_500ms
000D   1008           00058     bcf     PORTD,Led   ; Apagamos Led
000E   2???           00059     call    Retardo_500ms
000F   2???           00060     goto    Loop        ; Regresamos para repetir tareas
                      00061    
                      00062 ;********** C O D I G O * R E T A R D O S **************************************
                      00063 ; Considerando Fosc=8MHz, ciclo maquina (cm) = 0.5uS
                      00064 ; Time = 2 + 1 + 1 + N + N + MN + MN + KMN + (K-1)MN + 2MN + 2(K-1)MN + (M-1)N
                      00065 ;        + 2N + (M-1)2N + (N-1) + 2 + 2(N-1) + 2
                      00066 ; Time = (5 + 4N + 4MN + 4KM) ciclos máquina. Para K=249, M=100 y N=10
                      00067 ; Time = 5 + 40 + 4000 + 996000 ciclos maquina
                      00068 ; Time = 1000045 * 0.5uS = 0.5 segundos
                      00069 
0010                  00070 Retardo_500ms                           ; 2 ciclo máquina
0010   300A           00071         movlw   d'10'                   ; 1 ciclo máquina. Este es el valor de "N"
0011   00A2           00072         movwf   ContadorC               ; 1 ciclo máquina.
0012                  00073 Retardo_BucleExterno2
0012   3064           00074         movlw   d'100'                  ; Nx1 ciclos máquina. Este es el valor de "M".
0013   00A1           00075         movwf   ContadorB               ; Nx1 ciclos máquina.
0014                  00076 Retardo_BucleExterno
0014   30F9           00077         movlw   d'249'                  ; MxNx1 ciclos máquina. Este es el valor de "K".
0015   00A0           00078         movwf   ContadorA               ; MxNx1 ciclos máquina.
0016                  00079 Retardo_BucleInterno
0016   0000           00080         nop                             ; KxMxNx1 ciclos máquina.
0017   0BA0           00081         decfsz  ContadorA,F             ; (K-1)xMxNx1 cm (si no salta) + MxNx2 cm (al saltar).
0018   2???           00082         goto    Retardo_BucleInterno    ; (K-1)xMxNx2 ciclos máquina.
0019   0BA1           00083         decfsz  ContadorB,F             ; (M-1)xNx1 cm (si no salta) + Nx2 cm (al saltar).
001A   2???           00084         goto    Retardo_BucleExterno    ; (M-1)xNx2 ciclos máquina.
001B   0BA2           00085         decfsz  ContadorC,F             ; (N-1)x1 cm (si no salta) + 2 cm (al saltar).
001C   2???           00086         goto    Retardo_BucleExterno2   ; (N-1)x2 ciclos máquina.
001D   0008           00087         return                          ; 2 ciclos máquina.
                      00088  
Warning[205]: Found directive in column 1. (end)
3FF4 3FFF             00089 end ;Fin del programa
MPASM 5.77                          MAIN.ASM   3-15-2019  23:50:06         PAGE  3


SYMBOL TABLE
  LABEL                             VALUE 

ABDEN                             00000000
ABDOVF                            00000007
ACKDT                             00000005
ACKEN                             00000004
ACKSTAT                           00000006
ADCON0                            0000001F
ADCON1                            0000009F
ADCS0                             00000006
ADCS1                             00000007
ADDEN                             00000003
ADFM                              00000007
ADIE                              00000006
ADIF                              00000006
ADON                              00000000
ADRESH                            0000001E
ADRESL                            0000009E
ANS0                              00000000
ANS1                              00000001
ANS10                             00000002
ANS11                             00000003
ANS12                             00000004
ANS13                             00000005
ANS2                              00000002
ANS3                              00000003
ANS4                              00000004
ANS5                              00000005
ANS6                              00000006
ANS7                              00000007
ANS8                              00000000
ANS9                              00000001
ANSEL                             00000188
ANSELH                            00000189
BAUDCTL                           00000187
BCLIE                             00000003
BCLIF                             00000003
BF                                00000000
BRG0                              00000000
BRG1                              00000001
BRG10                             00000002
BRG11                             00000003
BRG12                             00000004
BRG13                             00000005
BRG14                             00000006
BRG15                             00000007
BRG16                             00000003
BRG2                              00000002
BRG3                              00000003
BRG4                              00000004
BRG5                              00000005
BRG6                              00000006
BRG7                              00000007
BRG8                              00000000
BRG9                              00000001
MPASM 5.77                          MAIN.ASM   3-15-2019  23:50:06         PAGE  4


SYMBOL TABLE
  LABEL                             VALUE 

BRGH                              00000002
C                                 00000000
C1CH0                             00000000
C1CH1                             00000001
C1IE                              00000005
C1IF                              00000005
C1OE                              00000005
C1ON                              00000007
C1OUT                             00000006
C1POL                             00000004
C1R                               00000002
C1RSEL                            00000005
C1SEN                             00000005
C2CH0                             00000000
C2CH1                             00000001
C2IE                              00000006
C2IF                              00000006
C2OE                              00000005
C2ON                              00000007
C2OUT                             00000006
C2POL                             00000004
C2R                               00000002
C2REN                             00000004
C2RSEL                            00000004
C2SYNC                            00000000
CCP1CON                           00000017
CCP1IE                            00000002
CCP1IF                            00000002
CCP1M0                            00000000
CCP1M1                            00000001
CCP1M2                            00000002
CCP1M3                            00000003
CCP1X                             00000005
CCP1Y                             00000004
CCP2CON                           0000001D
CCP2IE                            00000000
CCP2IF                            00000000
CCP2M0                            00000000
CCP2M1                            00000001
CCP2M2                            00000002
CCP2M3                            00000003
CCP2X                             00000005
CCP2Y                             00000004
CCPR1                             00000015
CCPR1H                            00000016
CCPR1L                            00000015
CCPR2                             0000001B
CCPR2H                            0000001C
CCPR2L                            0000001B
CHS0                              00000002
CHS1                              00000003
CHS2                              00000004
CHS3                              00000005
MPASM 5.77                          MAIN.ASM   3-15-2019  23:50:06         PAGE  5


SYMBOL TABLE
  LABEL                             VALUE 

CKE                               00000006
CKP                               00000004
CM1CON0                           00000107
CM2CON0                           00000108
CM2CON1                           00000109
CREN                              00000004
CSRC                              00000007
ContadorA                         00000020
ContadorB                         00000021
ContadorC                         00000022
D                                 00000005
DATA_ADDRESS                      00000005
DC                                00000001
DC1B0                             00000004
DC1B1                             00000005
DC2B0                             00000004
DC2B1                             00000005
D_A                               00000005
D_NOT_A                           00000005
ECCPAS                            0000009C
ECCPAS0                           00000004
ECCPAS1                           00000005
ECCPAS2                           00000006
ECCPASE                           00000007
EEADR                             0000010D
EEADRH                            0000010F
EECON1                            0000018C
EECON2                            0000018D
EEDAT                             0000010C
EEDATA                            0000010C
EEDATH                            0000010E
EEIE                              00000004
EEIF                              00000004
EEPGD                             00000007
F                                 00000001
FERR                              00000002
FSR                               00000004
FVREN                             00000000
GCEN                              00000007
GIE                               00000007
GO                                00000001
GO_DONE                           00000001
GO_NOT_DONE                       00000001
HTS                               00000002
I2C_DATA                          00000005
I2C_READ                          00000002
I2C_START                         00000003
I2C_STOP                          00000004
INDF                              00000000
INTCON                            0000000B
INTE                              00000004
INTEDG                            00000006
INTF                              00000001
MPASM 5.77                          MAIN.ASM   3-15-2019  23:50:06         PAGE  6


SYMBOL TABLE
  LABEL                             VALUE 

IOCB                              00000096
IOCB0                             00000000
IOCB1                             00000001
IOCB2                             00000002
IOCB3                             00000003
IOCB4                             00000004
IOCB5                             00000005
IOCB6                             00000006
IOCB7                             00000007
IRCF0                             00000004
IRCF1                             00000005
IRCF2                             00000006
IRP                               00000007
LTS                               00000001
Led                               00000000
Loop                              0000000B
MC1OUT                            00000007
MC2OUT                            00000006
MCU_Init                          00000005
MSK                               00000093
MSK0                              00000000
MSK1                              00000001
MSK2                              00000002
MSK3                              00000003
MSK4                              00000004
MSK5                              00000005
MSK6                              00000006
MSK7                              00000007
NOT_A                             00000005
NOT_ADDRESS                       00000005
NOT_BO                            00000000
NOT_BOR                           00000000
NOT_DONE                          00000001
NOT_PD                            00000003
NOT_POR                           00000001
NOT_RBPU                          00000007
NOT_RC8                           00000006
NOT_T1SYNC                        00000002
NOT_TO                            00000004
NOT_TX8                           00000006
NOT_W                             00000002
NOT_WRITE                         00000002
OERR                              00000001
OPTION_REG                        00000081
OSCCON                            0000008F
OSCTUNE                           00000090
OSFIE                             00000007
OSFIF                             00000007
OSTS                              00000003
P                                 00000004
P1M0                              00000006
P1M1                              00000007
PCL                               00000002
MPASM 5.77                          MAIN.ASM   3-15-2019  23:50:06         PAGE  7


SYMBOL TABLE
  LABEL                             VALUE 

PCLATH                            0000000A
PCON                              0000008E
PDC0                              00000000
PDC1                              00000001
PDC2                              00000002
PDC3                              00000003
PDC4                              00000004
PDC5                              00000005
PDC6                              00000006
PEIE                              00000006
PEN                               00000002
PIE1                              0000008C
PIE2                              0000008D
PIR1                              0000000C
PIR2                              0000000D
PORTA                             00000005
PORTB                             00000006
PORTC                             00000007
PORTD                             00000008
PORTE                             00000009
PR2                               00000092
PRSEN                             00000007
PS0                               00000000
PS1                               00000001
PS2                               00000002
PSA                               00000003
PSSAC0                            00000002
PSSAC1                            00000003
PSSBD0                            00000000
PSSBD1                            00000001
PSTRCON                           0000009D
PULSR                             00000002
PULSS                             00000003
PWM1CON                           0000009B
R                                 00000002
RA0                               00000000
RA1                               00000001
RA2                               00000002
RA3                               00000003
RA4                               00000004
RA5                               00000005
RA6                               00000006
RA7                               00000007
RB0                               00000000
RB1                               00000001
RB2                               00000002
RB3                               00000003
RB4                               00000004
RB5                               00000005
RB6                               00000006
RB7                               00000007
RBIE                              00000003
RBIF                              00000000
MPASM 5.77                          MAIN.ASM   3-15-2019  23:50:06         PAGE  8


SYMBOL TABLE
  LABEL                             VALUE 

RC0                               00000000
RC1                               00000001
RC2                               00000002
RC3                               00000003
RC4                               00000004
RC5                               00000005
RC6                               00000006
RC7                               00000007
RC8_9                             00000006
RC9                               00000006
RCD8                              00000000
RCEN                              00000003
RCIDL                             00000006
RCIE                              00000005
RCIF                              00000005
RCREG                             0000001A
RCSTA                             00000018
RD                                00000000
RD0                               00000000
RD1                               00000001
RD2                               00000002
RD3                               00000003
RD4                               00000004
RD5                               00000005
RD6                               00000006
RD7                               00000007
RE0                               00000000
RE1                               00000001
RE2                               00000002
RE3                               00000003
READ_WRITE                        00000002
RESET                             00000000
RP0                               00000005
RP1                               00000006
RSEN                              00000001
RX9                               00000006
RX9D                              00000000
R_NOT_W                           00000002
R_W                               00000002
Retardo_500ms                     00000010
Retardo_BucleExterno              00000014
Retardo_BucleExterno2             00000012
Retardo_BucleInterno              00000016
S                                 00000003
SBOREN                            00000004
SCKP                              00000004
SCS                               00000000
SEN                               00000000
SENDB                             00000003
SMP                               00000007
SPBRG                             00000099
SPBRGH                            0000009A
SPEN                              00000007
MPASM 5.77                          MAIN.ASM   3-15-2019  23:50:06         PAGE  9


SYMBOL TABLE
  LABEL                             VALUE 

SR0                               00000006
SR1                               00000007
SRCON                             00000185
SREN                              00000005
SSPADD                            00000093
SSPBUF                            00000013
SSPCON                            00000014
SSPCON2                           00000091
SSPEN                             00000005
SSPIE                             00000003
SSPIF                             00000003
SSPM0                             00000000
SSPM1                             00000001
SSPM2                             00000002
SSPM3                             00000003
SSPMSK                            00000093
SSPOV                             00000006
SSPSTAT                           00000094
STATUS                            00000003
STRA                              00000000
STRB                              00000001
STRC                              00000002
STRD                              00000003
STRSYNC                           00000004
SWDTEN                            00000000
SYNC                              00000004
T0CS                              00000005
T0IE                              00000005
T0IF                              00000002
T0SE                              00000004
T1CKPS0                           00000004
T1CKPS1                           00000005
T1CON                             00000010
T1GINV                            00000007
T1GIV                             00000007
T1GSS                             00000001
T1INSYNC                          00000002
T1OSCEN                           00000003
T1SYNC                            00000002
T2CKPS0                           00000000
T2CKPS1                           00000001
T2CON                             00000012
TMR0                              00000001
TMR0IE                            00000005
TMR0IF                            00000002
TMR1                              0000000E
TMR1CS                            00000001
TMR1GE                            00000006
TMR1H                             0000000F
TMR1IE                            00000000
TMR1IF                            00000000
TMR1L                             0000000E
TMR1ON                            00000000
MPASM 5.77                          MAIN.ASM   3-15-2019  23:50:06         PAGE 10


SYMBOL TABLE
  LABEL                             VALUE 

TMR2                              00000011
TMR2IE                            00000001
TMR2IF                            00000001
TMR2ON                            00000002
TOUTPS0                           00000003
TOUTPS1                           00000004
TOUTPS2                           00000005
TOUTPS3                           00000006
TRISA                             00000085
TRISA0                            00000000
TRISA1                            00000001
TRISA2                            00000002
TRISA3                            00000003
TRISA4                            00000004
TRISA5                            00000005
TRISA6                            00000006
TRISA7                            00000007
TRISB                             00000086
TRISB0                            00000000
TRISB1                            00000001
TRISB2                            00000002
TRISB3                            00000003
TRISB4                            00000004
TRISB5                            00000005
TRISB6                            00000006
TRISB7                            00000007
TRISC                             00000087
TRISC0                            00000000
TRISC1                            00000001
TRISC2                            00000002
TRISC3                            00000003
TRISC4                            00000004
TRISC5                            00000005
TRISC6                            00000006
TRISC7                            00000007
TRISD                             00000088
TRISD0                            00000000
TRISD1                            00000001
TRISD2                            00000002
TRISD3                            00000003
TRISD4                            00000004
TRISD5                            00000005
TRISD6                            00000006
TRISD7                            00000007
TRISE                             00000089
TRISE0                            00000000
TRISE1                            00000001
TRISE2                            00000002
TRISE3                            00000003
TRMT                              00000001
TUN0                              00000000
TUN1                              00000001
TUN2                              00000002
MPASM 5.77                          MAIN.ASM   3-15-2019  23:50:06         PAGE 11


SYMBOL TABLE
  LABEL                             VALUE 

TUN3                              00000003
TUN4                              00000004
TX8_9                             00000006
TX9                               00000006
TX9D                              00000000
TXD8                              00000000
TXEN                              00000005
TXIE                              00000004
TXIF                              00000004
TXREG                             00000019
TXSTA                             00000098
UA                                00000001
ULPWUE                            00000005
ULPWUIE                           00000002
ULPWUIF                           00000002
VCFG0                             00000004
VCFG1                             00000005
VR0                               00000000
VR1                               00000001
VR2                               00000002
VR3                               00000003
VRCON                             00000097
VREN                              00000007
VROE                              00000006
VRR                               00000005
VRSS                              00000004
W                                 00000000
WCOL                              00000007
WDTCON                            00000105
WDTPS0                            00000001
WDTPS1                            00000002
WDTPS2                            00000003
WDTPS3                            00000004
WPUB                              00000095
WPUB0                             00000000
WPUB1                             00000001
WPUB2                             00000002
WPUB3                             00000003
WPUB4                             00000004
WPUB5                             00000005
WPUB6                             00000006
WPUB7                             00000007
WR                                00000001
WREN                              00000002
WRERR                             00000003
WUE                               00000001
Z                                 00000002
_BOR21V                           00003EFF
_BOR40V                           00003FFF
_BOR4V_BOR21V                     00003EFF
_BOR4V_BOR40V                     00003FFF
_BOREN_NSLEEP                     00003EFF
_BOREN_OFF                        00003CFF
MPASM 5.77                          MAIN.ASM   3-15-2019  23:50:06         PAGE 12


SYMBOL TABLE
  LABEL                             VALUE 

_BOREN_ON                         00003FFF
_BOREN_SBODEN                     00003DFF
_BOR_NSLEEP                       00003EFF
_BOR_OFF                          00003CFF
_BOR_ON                           00003FFF
_BOR_SBODEN                       00003DFF
_CONFIG1                          00002007
_CONFIG2                          00002008
_CPD_OFF                          00003FFF
_CPD_ON                           00003F7F
_CP_OFF                           00003FFF
_CP_ON                            00003FBF
_DEBUG_OFF                        00003FFF
_DEBUG_ON                         00001FFF
_DEVID1                           00002006
_EC_OSC                           00003FFB
_EXTRC                            00003FFF
_EXTRCIO                          00003FFE
_EXTRC_OSC_CLKOUT                 00003FFF
_EXTRC_OSC_NOCLKOUT               00003FFE
_FCMEN_OFF                        000037FF
_FCMEN_ON                         00003FFF
_FOSC_EC                          00003FFB
_FOSC_EXTRC_CLKOUT                00003FFF
_FOSC_EXTRC_NOCLKOUT              00003FFE
_FOSC_HS                          00003FFA
_FOSC_INTRC_CLKOUT                00003FFD
_FOSC_INTRC_NOCLKOUT              00003FFC
_FOSC_LP                          00003FF8
_FOSC_XT                          00003FF9
_HS_OSC                           00003FFA
_IDLOC0                           00002000
_IDLOC1                           00002001
_IDLOC2                           00002002
_IDLOC3                           00002003
_IESO_OFF                         00003BFF
_IESO_ON                          00003FFF
_INTOSC                           00003FFD
_INTOSCIO                         00003FFC
_INTRC_OSC_CLKOUT                 00003FFD
_INTRC_OSC_NOCLKOUT               00003FFC
_LP_OSC                           00003FF8
_LVP_OFF                          00002FFF
_LVP_ON                           00003FFF
_MCLRE_OFF                        00003FDF
_MCLRE_ON                         00003FFF
_PWRTE_OFF                        00003FFF
_PWRTE_ON                         00003FEF
_WDTE_OFF                         00003FF7
_WDTE_ON                          00003FFF
_WDT_OFF                          00003FF7
_WDT_ON                           00003FFF
_WRT_1FOURTH                      00003BFF
MPASM 5.77                          MAIN.ASM   3-15-2019  23:50:06         PAGE 13


SYMBOL TABLE
  LABEL                             VALUE 

_WRT_256                          00003DFF
_WRT_HALF                         000039FF
_WRT_OFF                          00003FFF
_XT_OSC                           00003FF9
__16F887                          00000001

Errors   :     0
Warnings :     4 reported,     0 suppressed
Messages :     2 reported,     0 suppressed

